<?xml version="1.0" encoding="UTF-8"?>
<testng-results ignored="0" total="6" passed="5" failed="1" skipped="0">
  <reporter-output>
  </reporter-output>
  <suite started-at="2024-03-10T10:26:25 IST" name="Suite" finished-at="2024-03-10T10:28:07 IST" duration-ms="102155">
    <groups>
      <group name="regression">
        <method signature="CourseSearch.checkCorrectTitle()[pri:2, instance:Testcases.CourseSearch@35cabb2a]" name="checkCorrectTitle" class="Testcases.CourseSearch"/>
        <method signature="CourseSearch.checksite()[pri:1, instance:Testcases.CourseSearch@35cabb2a]" name="checksite" class="Testcases.CourseSearch"/>
        <method signature="CourseSearch.getCourse()[pri:3, instance:Testcases.CourseSearch@35cabb2a]" name="getCourse" class="Testcases.CourseSearch"/>
        <method signature="CourseSearch.getRating()[pri:4, instance:Testcases.CourseSearch@35cabb2a]" name="getRating" class="Testcases.CourseSearch"/>
        <method signature="ForEnterprise.FillForm()[pri:1, instance:Testcases.ForEnterprise@8f4ea7c]" name="FillForm" class="Testcases.ForEnterprise"/>
        <method signature="LanguageLearning.LanguageLearnings()[pri:1, instance:Testcases.LanguageLearning@223d2c72]" name="LanguageLearnings" class="Testcases.LanguageLearning"/>
      </group> <!-- regression -->
      <group name="master">
        <method signature="CourseSearch.checkCorrectTitle()[pri:2, instance:Testcases.CourseSearch@35cabb2a]" name="checkCorrectTitle" class="Testcases.CourseSearch"/>
        <method signature="CourseSearch.checksite()[pri:1, instance:Testcases.CourseSearch@35cabb2a]" name="checksite" class="Testcases.CourseSearch"/>
        <method signature="CourseSearch.getCourse()[pri:3, instance:Testcases.CourseSearch@35cabb2a]" name="getCourse" class="Testcases.CourseSearch"/>
        <method signature="CourseSearch.getRating()[pri:4, instance:Testcases.CourseSearch@35cabb2a]" name="getRating" class="Testcases.CourseSearch"/>
        <method signature="ForEnterprise.FillForm()[pri:1, instance:Testcases.ForEnterprise@8f4ea7c]" name="FillForm" class="Testcases.ForEnterprise"/>
        <method signature="LanguageLearning.LanguageLearnings()[pri:1, instance:Testcases.LanguageLearning@223d2c72]" name="LanguageLearnings" class="Testcases.LanguageLearning"/>
      </group> <!-- master -->
    </groups>
    <test started-at="2024-03-10T10:26:25 IST" name="Test" finished-at="2024-03-10T10:28:07 IST" duration-ms="102155">
      <class name="Testcases.LanguageLearning">
        <test-method is-config="true" signature="setup(java.lang.String)[pri:0, instance:Testcases.LanguageLearning@223d2c72]" started-at="2024-03-10T10:27:06 IST" name="setup" finished-at="2024-03-10T10:27:19 IST" duration-ms="13156" status="PASS">
          <params>
            <param index="0">
              <value>
                <![CDATA[chrome]]>
              </value>
            </param>
          </params>
          <reporter-output>
          </reporter-output>
        </test-method> <!-- setup -->
        <test-method signature="LanguageLearnings()[pri:1, instance:Testcases.LanguageLearning@223d2c72]" started-at="2024-03-10T10:27:19 IST" name="LanguageLearnings" finished-at="2024-03-10T10:27:45 IST" duration-ms="26123" status="PASS">
          <reporter-output>
          </reporter-output>
        </test-method> <!-- LanguageLearnings -->
        <test-method is-config="true" signature="tearDown()[pri:0, instance:Testcases.LanguageLearning@223d2c72]" started-at="2024-03-10T10:27:45 IST" name="tearDown" finished-at="2024-03-10T10:27:47 IST" duration-ms="1223" status="PASS">
          <reporter-output>
          </reporter-output>
        </test-method> <!-- tearDown -->
      </class> <!-- Testcases.LanguageLearning -->
      <class name="Testcases.CourseSearch">
        <test-method is-config="true" signature="setup(java.lang.String)[pri:0, instance:Testcases.CourseSearch@35cabb2a]" started-at="2024-03-10T10:26:25 IST" name="setup" finished-at="2024-03-10T10:26:37 IST" duration-ms="12055" status="PASS">
          <params>
            <param index="0">
              <value>
                <![CDATA[chrome]]>
              </value>
            </param>
          </params>
          <reporter-output>
          </reporter-output>
        </test-method> <!-- setup -->
        <test-method signature="checksite()[pri:1, instance:Testcases.CourseSearch@35cabb2a]" started-at="2024-03-10T10:26:37 IST" name="checksite" finished-at="2024-03-10T10:26:37 IST" duration-ms="113" status="PASS">
          <reporter-output>
          </reporter-output>
        </test-method> <!-- checksite -->
        <test-method signature="checkCorrectTitle()[pri:2, instance:Testcases.CourseSearch@35cabb2a]" started-at="2024-03-10T10:26:37 IST" name="checkCorrectTitle" finished-at="2024-03-10T10:26:41 IST" duration-ms="3857" status="PASS">
          <reporter-output>
          </reporter-output>
        </test-method> <!-- checkCorrectTitle -->
        <test-method signature="getCourse()[pri:3, instance:Testcases.CourseSearch@35cabb2a]" started-at="2024-03-10T10:26:41 IST" name="getCourse" finished-at="2024-03-10T10:27:04 IST" duration-ms="22910" status="PASS">
          <reporter-output>
          </reporter-output>
        </test-method> <!-- getCourse -->
        <test-method signature="getRating()[pri:4, instance:Testcases.CourseSearch@35cabb2a]" started-at="2024-03-10T10:27:04 IST" name="getRating" finished-at="2024-03-10T10:27:05 IST" duration-ms="883" status="PASS">
          <reporter-output>
          </reporter-output>
        </test-method> <!-- getRating -->
        <test-method is-config="true" signature="tearDown()[pri:0, instance:Testcases.CourseSearch@35cabb2a]" started-at="2024-03-10T10:27:05 IST" name="tearDown" finished-at="2024-03-10T10:27:06 IST" duration-ms="1216" status="PASS">
          <reporter-output>
          </reporter-output>
        </test-method> <!-- tearDown -->
      </class> <!-- Testcases.CourseSearch -->
      <class name="Testcases.ForEnterprise">
        <test-method is-config="true" signature="setup(java.lang.String)[pri:0, instance:Testcases.ForEnterprise@8f4ea7c]" started-at="2024-03-10T10:27:47 IST" name="setup" finished-at="2024-03-10T10:27:53 IST" duration-ms="6596" status="PASS">
          <params>
            <param index="0">
              <value>
                <![CDATA[chrome]]>
              </value>
            </param>
          </params>
          <reporter-output>
          </reporter-output>
        </test-method> <!-- setup -->
        <test-method signature="FillForm()[pri:1, instance:Testcases.ForEnterprise@8f4ea7c]" started-at="2024-03-10T10:27:53 IST" name="FillForm" finished-at="2024-03-10T10:28:06 IST" duration-ms="12212" status="FAIL">
          <exception class="java.lang.AssertionError">
            <full-stacktrace>
              <![CDATA[java.lang.AssertionError
at org.junit.Assert.fail(Assert.java:87)
at org.junit.Assert.fail(Assert.java:96)
at Testcases.ForEnterprise.FillForm(ForEnterprise.java:65)
at java.base/jdk.internal.reflect.NativeMethodAccessorImpl.invoke0(Native Method)
at java.base/jdk.internal.reflect.NativeMethodAccessorImpl.invoke(NativeMethodAccessorImpl.java:77)
at java.base/jdk.internal.reflect.DelegatingMethodAccessorImpl.invoke(DelegatingMethodAccessorImpl.java:43)
at java.base/java.lang.reflect.Method.invoke(Method.java:568)
at org.testng.internal.MethodInvocationHelper.invokeMethod(MethodInvocationHelper.java:133)
at org.testng.internal.TestInvoker.invokeMethod(TestInvoker.java:598)
at org.testng.internal.TestInvoker.invokeTestMethod(TestInvoker.java:173)
at org.testng.internal.MethodRunner.runInSequence(MethodRunner.java:46)
at org.testng.internal.TestInvoker$MethodInvocationAgent.invoke(TestInvoker.java:824)
at org.testng.internal.TestInvoker.invokeTestMethods(TestInvoker.java:146)
at org.testng.internal.TestMethodWorker.invokeTestMethods(TestMethodWorker.java:146)
at org.testng.internal.TestMethodWorker.run(TestMethodWorker.java:128)
at java.base/java.util.ArrayList.forEach(ArrayList.java:1511)
at org.testng.TestRunner.privateRun(TestRunner.java:794)
at org.testng.TestRunner.run(TestRunner.java:596)
at org.testng.SuiteRunner.runTest(SuiteRunner.java:377)
at org.testng.SuiteRunner.runSequentially(SuiteRunner.java:371)
at org.testng.SuiteRunner.privateRun(SuiteRunner.java:332)
at org.testng.SuiteRunner.run(SuiteRunner.java:276)
at org.testng.SuiteRunnerWorker.runSuite(SuiteRunnerWorker.java:53)
at org.testng.SuiteRunnerWorker.run(SuiteRunnerWorker.java:96)
at org.testng.TestNG.runSuitesSequentially(TestNG.java:1212)
at org.testng.TestNG.runSuitesLocally(TestNG.java:1134)
at org.testng.TestNG.runSuites(TestNG.java:1063)
at org.testng.TestNG.run(TestNG.java:1031)
at org.testng.remote.AbstractRemoteTestNG.run(AbstractRemoteTestNG.java:115)
at org.testng.remote.RemoteTestNG.initAndRun(RemoteTestNG.java:251)
at org.testng.remote.RemoteTestNG.main(RemoteTestNG.java:77)
]]>
            </full-stacktrace>
          </exception> <!-- java.lang.AssertionError -->
          <reporter-output>
          </reporter-output>
        </test-method> <!-- FillForm -->
        <test-method is-config="true" signature="tearDown()[pri:0, instance:Testcases.ForEnterprise@8f4ea7c]" started-at="2024-03-10T10:28:06 IST" name="tearDown" finished-at="2024-03-10T10:28:07 IST" duration-ms="1197" status="PASS">
          <reporter-output>
          </reporter-output>
        </test-method> <!-- tearDown -->
      </class> <!-- Testcases.ForEnterprise -->
    </test> <!-- Test -->
  </suite> <!-- Suite -->
</testng-results>
